<?xml version="1.0" encoding="UTF-8"?>
<testsuite xmlns:xsi="http://www.w3.org/2001/XMLSchema-instance" xsi:noNamespaceSchemaLocation="https://maven.apache.org/surefire/maven-surefire-plugin/xsd/surefire-test-report-3.0.xsd" version="3.0" name="fr.umlv.javainside.LoggerTest" time="0.039" tests="5" errors="0" skipped="0" failures="0">
  <properties>
[...]
</properties>
  <testcase name="lambdaOfTest" classname="fr.umlv.javainside.LoggerTest" time="0.018"/>
  <testcase name="ofError" classname="fr.umlv.javainside.LoggerTest" time="0.004"/>
  <testcase name="logWithNullAsValue" classname="fr.umlv.javainside.LoggerTest" time="0.003"/>
  <testcase name="ofTest" classname="fr.umlv.javainside.LoggerTest" time="0.001"/>
  <testcase name="logTest" classname="fr.umlv.javainside.LoggerTest" time="0.002"/>
</testsuite>